# JRE version: OpenJDK Runtime Environment Microsoft-7208460 (11.0.18+10) (build 11.0.18+10-LTS)
# Java VM: OpenJDK 64-Bit Server VM Microsoft-7208460 (11.0.18+10-LTS, mixed mode, tiered, compressed oops, g1 gc, windows-amd64)
Heap:
 garbage-first heap   total 96256K, used 66437K [0x0000000080000000, 0x0000000100000000)
  region size 1024K, 22 young (22528K), 4 survivors (4096K)
 Metaspace       used 68536K, capacity 70622K, committed 70792K, reserved 577536K
  class space    used 8958K, capacity 9805K, committed 9856K, reserved 516096K
GC Heap History (20 events):
Event: 13.451 GC heap before
{Heap before GC invocations=13 (full 0):
 garbage-first heap   total 96256K, used 68304K [0x0000000080000000, 0x0000000100000000)
  region size 1024K, 43 young (44032K), 6 survivors (6144K)
 Metaspace       used 44125K, capacity 45348K, committed 45648K, reserved 557056K
  class space    used 5543K, capacity 6035K, committed 6144K, reserved 516096K
}
Event: 13.455 GC heap after
{Heap after GC invocations=14 (full 0):
 garbage-first heap   total 96256K, used 31234K [0x0000000080000000, 0x0000000100000000)
  region size 1024K, 5 young (5120K), 5 survivors (5120K)
 Metaspace       used 44125K, capacity 45348K, committed 45648K, reserved 557056K
  class space    used 5543K, capacity 6035K, committed 6144K, reserved 516096K
}
Event: 14.157 GC heap before
{Heap before GC invocations=14 (full 0):
 garbage-first heap   total 96256K, used 69122K [0x0000000080000000, 0x0000000100000000)
  region size 1024K, 42 young (43008K), 5 survivors (5120K)
 Metaspace       used 47152K, capacity 48457K, committed 48720K, reserved 559104K
  class space    used 6044K, capacity 6537K, committed 6656K, reserved 516096K
}
Event: 14.161 GC heap after
{Heap after GC invocations=15 (full 0):
 garbage-first heap   total 96256K, used 32564K [0x0000000080000000, 0x0000000100000000)
  region size 1024K, 4 young (4096K), 4 survivors (4096K)
 Metaspace       used 47152K, capacity 48457K, committed 48720K, reserved 559104K
  class space    used 6044K, capacity 6537K, committed 6656K, reserved 516096K
}
Event: 14.824 GC heap before
{Heap before GC invocations=15 (full 0):
 garbage-first heap   total 96256K, used 70452K [0x0000000080000000, 0x0000000100000000)
  region size 1024K, 41 young (41984K), 4 survivors (4096K)
 Metaspace       used 49776K, capacity 51055K, committed 51280K, reserved 561152K
  class space    used 6393K, capacity 6912K, committed 6912K, reserved 516096K
}
Event: 14.828 GC heap after
{Heap after GC invocations=16 (full 0):
 garbage-first heap   total 96256K, used 33255K [0x0000000080000000, 0x0000000100000000)
  region size 1024K, 4 young (4096K), 4 survivors (4096K)
 Metaspace       used 49776K, capacity 51055K, committed 51280K, reserved 561152K
  class space    used 6393K, capacity 6912K, committed 6912K, reserved 516096K
}
Event: 15.803 GC heap before
{Heap before GC invocations=16 (full 0):
 garbage-first heap   total 96256K, used 77287K [0x0000000080000000, 0x0000000100000000)
  region size 1024K, 43 young (44032K), 4 survivors (4096K)
 Metaspace       used 53471K, capacity 54940K, committed 55248K, reserved 565248K
  class space    used 6876K, capacity 7481K, committed 7552K, reserved 516096K
}
Event: 15.809 GC heap after
{Heap after GC invocations=17 (full 0):
 garbage-first heap   total 96256K, used 41067K [0x0000000080000000, 0x0000000100000000)
  region size 1024K, 6 young (6144K), 6 survivors (6144K)
 Metaspace       used 53471K, capacity 54940K, committed 55248K, reserved 565248K
  class space    used 6876K, capacity 7481K, committed 7552K, reserved 516096K
}
Event: 16.543 GC heap before
{Heap before GC invocations=17 (full 0):
 garbage-first heap   total 96256K, used 74859K [0x0000000080000000, 0x0000000100000000)
  region size 1024K, 39 young (39936K), 6 survivors (6144K)
 Metaspace       used 56475K, capacity 58178K, committed 58320K, reserved 567296K
  class space    used 7336K, capacity 8007K, committed 8064K, reserved 516096K
}
Event: 16.550 GC heap after
{Heap after GC invocations=18 (full 0):
 garbage-first heap   total 96256K, used 42472K [0x0000000080000000, 0x0000000100000000)
  region size 1024K, 2 young (2048K), 2 survivors (2048K)
 Metaspace       used 56475K, capacity 58178K, committed 58320K, reserved 567296K
  class space    used 7336K, capacity 8007K, committed 8064K, reserved 516096K
}
Event: 17.108 GC heap before
{Heap before GC invocations=18 (full 0):
 garbage-first heap   total 96256K, used 67048K [0x0000000080000000, 0x0000000100000000)
  region size 1024K, 27 young (27648K), 2 survivors (2048K)
 Metaspace       used 58622K, capacity 60214K, committed 60296K, reserved 569344K
  class space    used 7621K, capacity 8303K, committed 8320K, reserved 516096K
}
Event: 17.111 GC heap after
{Heap after GC invocations=19 (full 0):
 garbage-first heap   total 96256K, used 43224K [0x0000000080000000, 0x0000000100000000)
  region size 1024K, 3 young (3072K), 3 survivors (3072K)
 Metaspace       used 58622K, capacity 60214K, committed 60296K, reserved 569344K
  class space    used 7621K, capacity 8303K, committed 8320K, reserved 516096K
}
Event: 17.552 GC heap before
{Heap before GC invocations=20 (full 0):
 garbage-first heap   total 96256K, used 77016K [0x0000000080000000, 0x0000000100000000)
  region size 1024K, 36 young (36864K), 3 survivors (3072K)
 Metaspace       used 60863K, capacity 62468K, committed 62728K, reserved 571392K
  class space    used 7929K, capacity 8585K, committed 8704K, reserved 516096K
}
Event: 17.556 GC heap after
{Heap after GC invocations=21 (full 0):
 garbage-first heap   total 96256K, used 43646K [0x0000000080000000, 0x0000000100000000)
  region size 1024K, 3 young (3072K), 3 survivors (3072K)
 Metaspace       used 60863K, capacity 62468K, committed 62728K, reserved 571392K
  class space    used 7929K, capacity 8585K, committed 8704K, reserved 516096K
}
Event: 18.377 GC heap before
{Heap before GC invocations=21 (full 0):
 garbage-first heap   total 96256K, used 78462K [0x0000000080000000, 0x0000000100000000)
  region size 1024K, 37 young (37888K), 3 survivors (3072K)
 Metaspace       used 63220K, capacity 65020K, committed 65288K, reserved 573440K
  class space    used 8213K, capacity 8934K, committed 8960K, reserved 516096K
}
Event: 18.381 GC heap after
{Heap after GC invocations=22 (full 0):
 garbage-first heap   total 96256K, used 45008K [0x0000000080000000, 0x0000000100000000)
  region size 1024K, 4 young (4096K), 4 survivors (4096K)
 Metaspace       used 63220K, capacity 65020K, committed 65288K, reserved 573440K
  class space    used 8213K, capacity 8934K, committed 8960K, reserved 516096K
}
Event: 18.968 GC heap before
{Heap before GC invocations=22 (full 0):
 garbage-first heap   total 96256K, used 78800K [0x0000000080000000, 0x0000000100000000)
  region size 1024K, 37 young (37888K), 4 survivors (4096K)
 Metaspace       used 65082K, capacity 66979K, committed 67208K, reserved 575488K
  class space    used 8502K, capacity 9287K, committed 9344K, reserved 516096K
}
Event: 18.983 GC heap after
{Heap after GC invocations=23 (full 0):
 garbage-first heap   total 96256K, used 46918K [0x0000000080000000, 0x0000000100000000)
  region size 1024K, 4 young (4096K), 4 survivors (4096K)
 Metaspace       used 65082K, capacity 66979K, committed 67208K, reserved 575488K
  class space    used 8502K, capacity 9287K, committed 9344K, reserved 516096K
}
Event: 19.797 GC heap before
{Heap before GC invocations=23 (full 0):
 garbage-first heap   total 96256K, used 78662K [0x0000000080000000, 0x0000000100000000)
  region size 1024K, 35 young (35840K), 4 survivors (4096K)
 Metaspace       used 67075K, capacity 69072K, committed 69256K, reserved 577536K
  class space    used 8759K, capacity 9567K, committed 9600K, reserved 516096K
}
Event: 19.804 GC heap after
{Heap after GC invocations=24 (full 0):
 garbage-first heap   total 96256K, used 49029K [0x0000000080000000, 0x0000000100000000)
  region size 1024K, 4 young (4096K), 4 survivors (4096K)
 Metaspace       used 67075K, capacity 69072K, committed 69256K, reserved 577536K
  class space    used 8759K, capacity 9567K, committed 9600K, reserved 516096K
}

