# JRE version: OpenJDK Runtime Environment Microsoft-7208460 (11.0.18+10) (build 11.0.18+10-LTS)
# Java VM: OpenJDK 64-Bit Server VM Microsoft-7208460 (11.0.18+10-LTS, mixed mode, tiered, compressed oops, g1 gc, windows-amd64)
Heap:
 garbage-first heap   total 354304K, used 225035K [0x0000000080000000, 0x0000000100000000)
  region size 1024K, 60 young (61440K), 6 survivors (6144K)
 Metaspace       used 114132K, capacity 117640K, committed 117844K, reserved 618496K
  class space    used 14872K, capacity 16187K, committed 16204K, reserved 516096K
GC Heap History (20 events):
Event: 28.461 GC heap before
{Heap before GC invocations=89 (full 0):
 garbage-first heap   total 245760K, used 157889K [0x0000000080000000, 0x0000000100000000)
  region size 1024K, 26 young (26624K), 5 survivors (5120K)
 Metaspace       used 107092K, capacity 110207K, committed 110804K, reserved 612352K
  class space    used 13926K, capacity 15150K, committed 15308K, reserved 516096K
}
Event: 28.467 GC heap after
{Heap after GC invocations=90 (full 0):
 garbage-first heap   total 245760K, used 136153K [0x0000000080000000, 0x0000000100000000)
  region size 1024K, 5 young (5120K), 5 survivors (5120K)
 Metaspace       used 107092K, capacity 110207K, committed 110804K, reserved 612352K
  class space    used 13926K, capacity 15150K, committed 15308K, reserved 516096K
}
Event: 28.762 GC heap before
{Heap before GC invocations=91 (full 0):
 garbage-first heap   total 245760K, used 169945K [0x0000000080000000, 0x0000000100000000)
  region size 1024K, 32 young (32768K), 5 survivors (5120K)
 Metaspace       used 107183K, capacity 110367K, committed 110804K, reserved 612352K
  class space    used 13928K, capacity 15154K, committed 15308K, reserved 516096K
}
Event: 28.771 GC heap after
{Heap after GC invocations=92 (full 0):
 garbage-first heap   total 245760K, used 138218K [0x0000000080000000, 0x0000000100000000)
  region size 1024K, 6 young (6144K), 6 survivors (6144K)
 Metaspace       used 107183K, capacity 110367K, committed 110804K, reserved 612352K
  class space    used 13928K, capacity 15154K, committed 15308K, reserved 516096K
}
Event: 29.094 GC heap before
{Heap before GC invocations=93 (full 0):
 garbage-first heap   total 245760K, used 190442K [0x0000000080000000, 0x0000000100000000)
  region size 1024K, 50 young (51200K), 6 survivors (6144K)
 Metaspace       used 107457K, capacity 110612K, committed 111188K, reserved 612352K
  class space    used 13977K, capacity 15203K, committed 15436K, reserved 516096K
}
Event: 29.103 GC heap after
{Heap after GC invocations=94 (full 0):
 garbage-first heap   total 245760K, used 141550K [0x0000000080000000, 0x0000000100000000)
  region size 1024K, 7 young (7168K), 7 survivors (7168K)
 Metaspace       used 107457K, capacity 110612K, committed 111188K, reserved 612352K
  class space    used 13977K, capacity 15203K, committed 15436K, reserved 516096K
}
Event: 29.736 GC heap before
{Heap before GC invocations=94 (full 0):
 garbage-first heap   total 245760K, used 186606K [0x0000000080000000, 0x0000000100000000)
  region size 1024K, 52 young (53248K), 7 survivors (7168K)
 Metaspace       used 109555K, capacity 112771K, committed 113108K, reserved 614400K
  class space    used 14236K, capacity 15473K, committed 15564K, reserved 516096K
}
Event: 29.746 GC heap after
{Heap after GC invocations=95 (full 0):
 garbage-first heap   total 245760K, used 145120K [0x0000000080000000, 0x0000000100000000)
  region size 1024K, 7 young (7168K), 7 survivors (7168K)
 Metaspace       used 109555K, capacity 112771K, committed 113108K, reserved 614400K
  class space    used 14236K, capacity 15473K, committed 15564K, reserved 516096K
}
Event: 30.391 GC heap before
{Heap before GC invocations=96 (full 0):
 garbage-first heap   total 245760K, used 191200K [0x0000000080000000, 0x0000000100000000)
  region size 1024K, 53 young (54272K), 7 survivors (7168K)
 Metaspace       used 111968K, capacity 115452K, committed 115540K, reserved 616448K
  class space    used 14566K, capacity 15898K, committed 15948K, reserved 516096K
}
Event: 30.405 GC heap after
{Heap after GC invocations=97 (full 0):
 garbage-first heap   total 294912K, used 148777K [0x0000000080000000, 0x0000000100000000)
  region size 1024K, 7 young (7168K), 7 survivors (7168K)
 Metaspace       used 111968K, capacity 115452K, committed 115540K, reserved 616448K
  class space    used 14566K, capacity 15898K, committed 15948K, reserved 516096K
}
Event: 30.440 GC heap before
{Heap before GC invocations=97 (full 0):
 garbage-first heap   total 294912K, used 150825K [0x0000000080000000, 0x0000000100000000)
  region size 1024K, 10 young (10240K), 7 survivors (7168K)
 Metaspace       used 112043K, capacity 115540K, committed 115796K, reserved 616448K
  class space    used 14576K, capacity 15905K, committed 15948K, reserved 516096K
}
Event: 30.452 GC heap after
{Heap after GC invocations=98 (full 0):
 garbage-first heap   total 294912K, used 149719K [0x0000000080000000, 0x0000000100000000)
  region size 1024K, 5 young (5120K), 5 survivors (5120K)
 Metaspace       used 112043K, capacity 115540K, committed 115796K, reserved 616448K
  class space    used 14576K, capacity 15905K, committed 15948K, reserved 516096K
}
Event: 30.776 GC heap before
{Heap before GC invocations=99 (full 0):
 garbage-first heap   total 294912K, used 184535K [0x0000000080000000, 0x0000000100000000)
  region size 1024K, 37 young (37888K), 5 survivors (5120K)
 Metaspace       used 112258K, capacity 115714K, committed 115924K, reserved 616448K
  class space    used 14608K, capacity 15950K, committed 16076K, reserved 516096K
}
Event: 30.790 GC heap after
{Heap after GC invocations=100 (full 0):
 garbage-first heap   total 294912K, used 152072K [0x0000000080000000, 0x0000000100000000)
  region size 1024K, 3 young (3072K), 3 survivors (3072K)
 Metaspace       used 112258K, capacity 115714K, committed 115924K, reserved 616448K
  class space    used 14608K, capacity 15950K, committed 16076K, reserved 516096K
}
Event: 31.117 GC heap before
{Heap before GC invocations=101 (full 0):
 garbage-first heap   total 294912K, used 179720K [0x0000000080000000, 0x0000000100000000)
  region size 1024K, 28 young (28672K), 3 survivors (3072K)
 Metaspace       used 112470K, capacity 115954K, committed 116180K, reserved 616448K
  class space    used 14639K, capacity 15965K, committed 16076K, reserved 516096K
}
Event: 31.123 GC heap after
{Heap after GC invocations=102 (full 0):
 garbage-first heap   total 294912K, used 153164K [0x0000000080000000, 0x0000000100000000)
  region size 1024K, 4 young (4096K), 4 survivors (4096K)
 Metaspace       used 112470K, capacity 115954K, committed 116180K, reserved 616448K
  class space    used 14639K, capacity 15965K, committed 16076K, reserved 516096K
}
Event: 31.421 GC heap before
{Heap before GC invocations=103 (full 0):
 garbage-first heap   total 294912K, used 221772K [0x0000000080000000, 0x0000000100000000)
  region size 1024K, 63 young (64512K), 4 survivors (4096K)
 Metaspace       used 113177K, capacity 116736K, committed 117076K, reserved 618496K
  class space    used 14750K, capacity 16077K, committed 16204K, reserved 516096K
}
Event: 31.436 GC heap after
{Heap after GC invocations=104 (full 0):
 garbage-first heap   total 294912K, used 164476K [0x0000000080000000, 0x0000000100000000)
  region size 1024K, 8 young (8192K), 8 survivors (8192K)
 Metaspace       used 113177K, capacity 116736K, committed 117076K, reserved 618496K
  class space    used 14750K, capacity 16077K, committed 16204K, reserved 516096K
}
Event: 31.464 GC heap before
{Heap before GC invocations=104 (full 0):
 garbage-first heap   total 294912K, used 181884K [0x0000000080000000, 0x0000000100000000)
  region size 1024K, 27 young (27648K), 8 survivors (8192K)
 Metaspace       used 113305K, capacity 116899K, committed 117076K, reserved 618496K
  class space    used 14760K, capacity 16109K, committed 16204K, reserved 516096K
}
Event: 31.477 GC heap after
{Heap after GC invocations=105 (full 0):
 garbage-first heap   total 354304K, used 169739K [0x0000000080000000, 0x0000000100000000)
  region size 1024K, 6 young (6144K), 6 survivors (6144K)
 Metaspace       used 113305K, capacity 116899K, committed 117076K, reserved 618496K
  class space    used 14760K, capacity 16109K, committed 16204K, reserved 516096K
}

