# JRE version: OpenJDK Runtime Environment Microsoft-7208460 (11.0.18+10) (build 11.0.18+10-LTS)
# Java VM: OpenJDK 64-Bit Server VM Microsoft-7208460 (11.0.18+10-LTS, mixed mode, tiered, compressed oops, g1 gc, windows-amd64)
Heap:
 garbage-first heap   total 167936K, used 109680K [0x00000000a2200000, 0x0000000100000000)
  region size 1024K, 38 young (38912K), 4 survivors (4096K)
 Metaspace       used 71493K, capacity 72393K, committed 72736K, reserved 1114112K
  class space    used 7677K, capacity 8034K, committed 8140K, reserved 1048576K
GC Heap History (20 events):
Event: 2.966 GC heap before
{Heap before GC invocations=6 (full 0):
 garbage-first heap   total 115712K, used 32768K [0x00000000a2200000, 0x0000000100000000)
  region size 1024K, 6 young (6144K), 1 survivors (1024K)
 Metaspace       used 34969K, capacity 35435K, committed 35628K, reserved 1081344K
  class space    used 4261K, capacity 4463K, committed 4480K, reserved 1048576K
}
Event: 2.968 GC heap after
{Heap after GC invocations=7 (full 0):
 garbage-first heap   total 115712K, used 28217K [0x00000000a2200000, 0x0000000100000000)
  region size 1024K, 1 young (1024K), 1 survivors (1024K)
 Metaspace       used 34969K, capacity 35435K, committed 35628K, reserved 1081344K
  class space    used 4261K, capacity 4463K, committed 4480K, reserved 1048576K
}
Event: 3.540 GC heap before
{Heap before GC invocations=8 (full 0):
 garbage-first heap   total 115712K, used 75321K [0x00000000a2200000, 0x0000000100000000)
  region size 1024K, 37 young (37888K), 1 survivors (1024K)
 Metaspace       used 40975K, capacity 41492K, committed 41848K, reserved 1085440K
  class space    used 4826K, capacity 5050K, committed 5068K, reserved 1048576K
}
Event: 3.546 GC heap after
{Heap after GC invocations=9 (full 0):
 garbage-first heap   total 115712K, used 33973K [0x00000000a2200000, 0x0000000100000000)
  region size 1024K, 5 young (5120K), 5 survivors (5120K)
 Metaspace       used 40975K, capacity 41492K, committed 41848K, reserved 1085440K
  class space    used 4826K, capacity 5050K, committed 5068K, reserved 1048576K
}
Event: 4.333 GC heap before
{Heap before GC invocations=9 (full 0):
 garbage-first heap   total 115712K, used 71861K [0x00000000a2200000, 0x0000000100000000)
  region size 1024K, 41 young (41984K), 5 survivors (5120K)
 Metaspace       used 48011K, capacity 48661K, committed 48888K, reserved 1091584K
  class space    used 5607K, capacity 5876K, committed 5964K, reserved 1048576K
}
Event: 4.341 GC heap after
{Heap after GC invocations=10 (full 0):
 garbage-first heap   total 115712K, used 38052K [0x00000000a2200000, 0x0000000100000000)
  region size 1024K, 4 young (4096K), 4 survivors (4096K)
 Metaspace       used 48011K, capacity 48661K, committed 48888K, reserved 1091584K
  class space    used 5607K, capacity 5876K, committed 5964K, reserved 1048576K
}
Event: 4.648 GC heap before
{Heap before GC invocations=10 (full 0):
 garbage-first heap   total 115712K, used 79012K [0x00000000a2200000, 0x0000000100000000)
  region size 1024K, 40 young (40960K), 4 survivors (4096K)
 Metaspace       used 50459K, capacity 51165K, committed 51448K, reserved 1095680K
  class space    used 5871K, capacity 6173K, committed 6220K, reserved 1048576K
}
Event: 4.656 GC heap after
{Heap after GC invocations=11 (full 0):
 garbage-first heap   total 115712K, used 45601K [0x00000000a2200000, 0x0000000100000000)
  region size 1024K, 3 young (3072K), 3 survivors (3072K)
 Metaspace       used 50459K, capacity 51165K, committed 51448K, reserved 1095680K
  class space    used 5871K, capacity 6173K, committed 6220K, reserved 1048576K
}
Event: 5.452 GC heap before
{Heap before GC invocations=11 (full 0):
 garbage-first heap   total 115712K, used 81441K [0x00000000a2200000, 0x0000000100000000)
  region size 1024K, 38 young (38912K), 3 survivors (3072K)
 Metaspace       used 55677K, capacity 56443K, committed 56568K, reserved 1099776K
  class space    used 6411K, capacity 6707K, committed 6732K, reserved 1048576K
}
Event: 5.462 GC heap after
{Heap after GC invocations=12 (full 0):
 garbage-first heap   total 139264K, used 49807K [0x00000000a2200000, 0x0000000100000000)
  region size 1024K, 5 young (5120K), 5 survivors (5120K)
 Metaspace       used 55677K, capacity 56443K, committed 56568K, reserved 1099776K
  class space    used 6411K, capacity 6707K, committed 6732K, reserved 1048576K
}
Event: 6.618 GC heap before
{Heap before GC invocations=12 (full 0):
 garbage-first heap   total 139264K, used 93839K [0x00000000a2200000, 0x0000000100000000)
  region size 1024K, 49 young (50176K), 5 survivors (5120K)
 Metaspace       used 59035K, capacity 59737K, committed 59936K, reserved 1101824K
  class space    used 6675K, capacity 6990K, committed 7116K, reserved 1048576K
}
Event: 6.631 GC heap after
{Heap after GC invocations=13 (full 0):
 garbage-first heap   total 139264K, used 54883K [0x00000000a2200000, 0x0000000100000000)
  region size 1024K, 7 young (7168K), 7 survivors (7168K)
 Metaspace       used 59035K, capacity 59737K, committed 59936K, reserved 1101824K
  class space    used 6675K, capacity 6990K, committed 7116K, reserved 1048576K
}
Event: 7.882 GC heap before
{Heap before GC invocations=14 (full 0):
 garbage-first heap   total 139264K, used 98915K [0x00000000a2200000, 0x0000000100000000)
  region size 1024K, 50 young (51200K), 7 survivors (7168K)
 Metaspace       used 61776K, capacity 62594K, committed 62752K, reserved 1105920K
  class space    used 6891K, capacity 7233K, committed 7372K, reserved 1048576K
}
Event: 7.899 GC heap after
{Heap after GC invocations=15 (full 0):
 garbage-first heap   total 139264K, used 60342K [0x00000000a2200000, 0x0000000100000000)
  region size 1024K, 6 young (6144K), 6 survivors (6144K)
 Metaspace       used 61776K, capacity 62594K, committed 62752K, reserved 1105920K
  class space    used 6891K, capacity 7233K, committed 7372K, reserved 1048576K
}
Event: 9.236 GC heap before
{Heap before GC invocations=15 (full 0):
 garbage-first heap   total 139264K, used 104374K [0x00000000a2200000, 0x0000000100000000)
  region size 1024K, 48 young (49152K), 6 survivors (6144K)
 Metaspace       used 63255K, capacity 64130K, committed 64288K, reserved 1105920K
  class space    used 6948K, capacity 7314K, committed 7372K, reserved 1048576K
}
Event: 9.250 GC heap after
{Heap after GC invocations=16 (full 0):
 garbage-first heap   total 139264K, used 65207K [0x00000000a2200000, 0x0000000100000000)
  region size 1024K, 5 young (5120K), 5 survivors (5120K)
 Metaspace       used 63255K, capacity 64130K, committed 64288K, reserved 1105920K
  class space    used 6948K, capacity 7314K, committed 7372K, reserved 1048576K
}
Event: 10.487 GC heap before
{Heap before GC invocations=16 (full 0):
 garbage-first heap   total 139264K, used 106167K [0x00000000a2200000, 0x0000000100000000)
  region size 1024K, 45 young (46080K), 5 survivors (5120K)
 Metaspace       used 63973K, capacity 64894K, committed 65056K, reserved 1107968K
  class space    used 6982K, capacity 7351K, committed 7372K, reserved 1048576K
}
Event: 10.501 GC heap after
{Heap after GC invocations=17 (full 0):
 garbage-first heap   total 167936K, used 69915K [0x00000000a2200000, 0x0000000100000000)
  region size 1024K, 5 young (5120K), 5 survivors (5120K)
 Metaspace       used 63973K, capacity 64894K, committed 65056K, reserved 1107968K
  class space    used 6982K, capacity 7351K, committed 7372K, reserved 1048576K
}
Event: 11.647 GC heap before
{Heap before GC invocations=17 (full 0):
 garbage-first heap   total 167936K, used 122139K [0x00000000a2200000, 0x0000000100000000)
  region size 1024K, 54 young (55296K), 5 survivors (5120K)
 Metaspace       used 65777K, capacity 66648K, committed 66720K, reserved 1107968K
  class space    used 7132K, capacity 7484K, committed 7500K, reserved 1048576K
}
Event: 11.657 GC heap after
{Heap after GC invocations=18 (full 0):
 garbage-first heap   total 167936K, used 75888K [0x00000000a2200000, 0x0000000100000000)
  region size 1024K, 4 young (4096K), 4 survivors (4096K)
 Metaspace       used 65777K, capacity 66648K, committed 66720K, reserved 1107968K
  class space    used 7132K, capacity 7484K, committed 7500K, reserved 1048576K
}

